<?xml version="1.0" encoding="UTF-8"?>
<!-- Generated by org.testng.reporters.JUnitXMLReporter -->
<testsuite hostname="SANKALPs-MacBook-Air.local" ignored="2" name="include test case" tests="2" failures="0" timestamp="26 May 2021 19:15:29 GMT" time="0.007" errors="0">
  <testcase name="us1Test2" time="0.001" classname="testSuite1.UserStory1"/>
  <testcase name="us1Test4" time="0.001" classname="testSuite1.UserStory1"/>
  <testcase name="us1Test1" time="0.0" classname="testSuite1.UserStory1">
    <ignored/>
  </testcase> <!-- us1Test1 -->
  <testcase name="us1Test3" time="0.0" classname="testSuite1.UserStory1">
    <ignored/>
  </testcase> <!-- us1Test3 -->
</testsuite> <!-- include test case -->
