<?xml version="1.0" encoding="UTF-8"?>
<!-- Generated by org.testng.reporters.JUnitXMLReporter -->
<testsuite hostname="SANKALPs-MacBook-Air.local" ignored="2" name="Remove all mobile test cases" tests="2" failures="0" timestamp="25 May 2021 20:51:03 GMT" time="0.054" errors="0">
  <testcase name="us4Test1" time="0.015" classname="testSuite2.UserStory4"/>
  <testcase name="us4Test2" time="0.003" classname="testSuite2.UserStory4"/>
  <testcase name="MobileTestUs4Test1" time="0.0" classname="testSuite2.UserStory4">
    <ignored/>
  </testcase> <!-- MobileTestUs4Test1 -->
  <testcase name="MobileTestUs4Test2" time="0.0" classname="testSuite2.UserStory4">
    <ignored/>
  </testcase> <!-- MobileTestUs4Test2 -->
</testsuite> <!-- Remove all mobile test cases -->
