<?xml version="1.0" encoding="UTF-8"?>
<!-- Generated by org.testng.reporters.JUnitXMLReporter -->
<testsuite hostname="SANKALPs-MacBook-Air.local" ignored="1" name="Test" tests="11" failures="0" timestamp="27 May 2021 20:10:50 GMT" time="0.087" errors="0">
  <testcase name="us1Test2" time="0.005" classname="testSuite1.UserStory1"/>
  <testcase name="us1Test4" time="0.006" classname="testSuite1.UserStory1"/>
  <testcase name="MobileTestUs2Test2" time="0.002" classname="testSuite2.UserStory3"/>
  <testcase name="MobileTestUs3Test1" time="0.002" classname="testSuite2.UserStory3"/>
  <testcase name="us3Test1" time="0.001" classname="testSuite2.UserStory3"/>
  <testcase name="us3Test2" time="0.001" classname="testSuite2.UserStory3"/>
  <testcase name="MobileTestUs4Test1" time="0.001" classname="testSuite2.UserStory4"/>
  <testcase name="MobileTestUs4Test2" time="0.002" classname="testSuite2.UserStory4"/>
  <testcase name="us4Test1" time="0.002" classname="testSuite2.UserStory4"/>
  <testcase name="us4Test2" time="0.002" classname="testSuite2.UserStory4"/>
  <testcase name="us1Test1" time="0.001" classname="testSuite1.UserStory1"/>
  <testcase name="us1Test3" time="0.0" classname="testSuite1.UserStory1">
    <ignored/>
  </testcase> <!-- us1Test3 -->
</testsuite> <!-- Test -->
