<?xml version="1.0" encoding="UTF-8"?>
<!-- Generated by org.testng.reporters.JUnitXMLReporter -->
<testsuite hostname="SANKALPs-MacBook-Air.local" ignored="0" name="UserStory2" tests="6" failures="0" timestamp="26 May 2021 19:45:16 GMT" time="0.079" errors="0">
  <testcase name="us2Test1" time="0.008" classname="testSuite1.UserStory2"/>
  <testcase name="us2Test2" time="0.003" classname="testSuite1.UserStory2"/>
  <testcase name="MobileTestUs4Test1" time="0.002" classname="testSuite2.UserStory4"/>
  <testcase name="MobileTestUs4Test2" time="0.004" classname="testSuite2.UserStory4"/>
  <testcase name="us4Test1" time="0.004" classname="testSuite2.UserStory4"/>
  <testcase name="us4Test2" time="0.002" classname="testSuite2.UserStory4"/>
</testsuite> <!-- UserStory2 -->
