<?xml version="1.0" encoding="UTF-8"?>
<!-- Generated by org.testng.reporters.JUnitXMLReporter -->
<testsuite hostname="SANKALPs-MacBook-Air.local" ignored="2" name="UserStory1" tests="2" failures="0" timestamp="25 May 2021 19:43:51 GMT" time="0.016" errors="0">
  <testcase name="us1Test1" time="0.004" classname="testSuite1.UserStory1"/>
  <testcase name="us1Test3" time="0.002" classname="testSuite1.UserStory1"/>
  <testcase name="us1Test2" time="0.0" classname="testSuite1.UserStory1">
    <ignored/>
  </testcase> <!-- us1Test2 -->
  <testcase name="us1Test4" time="0.0" classname="testSuite1.UserStory1">
    <ignored/>
  </testcase> <!-- us1Test4 -->
</testsuite> <!-- UserStory1 -->
